<?xml version="1.0" encoding="UTF-8"?>
<testsuite xmlns:xsi="http://www.w3.org/2001/XMLSchema-instance" xsi:noNamespaceSchemaLocation="https://maven.apache.org/surefire/maven-surefire-plugin/xsd/surefire-test-report.xsd" name="PokeApiTest" time="2.368" tests="2" errors="0" skipped="0" failures="1">
  <properties>
[...]
</properties>
  <testcase name="PokeFailTest" classname="PokeApiTest" time="1.638">
    <failure message="1 expectation failed.&#10;Expected content-type &quot;JSON&quot; doesn&apos;t match actual content-type &quot;text/plain; charset=utf-8&quot;.&#10;" type="java.lang.AssertionError">java.lang.AssertionError: 
1 expectation failed.
Expected content-type "JSON" doesn't match actual content-type "text/plain; charset=utf-8".

	at PokeApiTest.PokeFailTest(PokeApiTest.java:30)
</failure>
  </testcase>
  <testcase name="PokeSucessTest" classname="PokeApiTest" time="0.722"/>
</testsuite>